<!doctype html>
<html lang="">
<head>
    <meta charset="UTF-8">
    <meta name="viewport"
          content="width=device-width, user-scalable=no, initial-scale=1.0, maximum-scale=1.0, minimum-scale=1.0">
    <meta http-equiv="X-UA-Compatible" content="ie=edge">
    <title>Test Results Report - Login Test</title>

    <link href="reportng.css" rel="stylesheet" type="text/css"/>
</head>
<body>
<div id="meta">
Generated by <a href="http://www.testng.org" target="_blank">TestNG</a> with <a href="https://github.com/testng-team/reportng" target="_blank">ReportNG</a>
at 11:50 IST on Friday 06 September 2024
    <br/><span
    id="systemInfo">TanikaGautam@laptop-202417&nbsp;/&nbsp;Java 21.0.4 (Oracle Corporation)&nbsp;/&nbsp;Windows 11 10.0 (amd64)</span>
</div>
<h1>Login Test</h1>

<p>
    <a href="index.html">Suites</a>
        &#183; <a href="output.html">Log Output</a>
</p>

<p>Test duration
    : 49.765s</p>

    <table class="resultsTable configTable">
        <tr>
            <th class="header failedConfig"
                colspan="3">Failed Configuration</th>
        </tr>
            <tr class="group">
                <td colspan="3">in.gic.staticpagestest.LoginPageTest</td>
            </tr>
    <tr>
        <td class="method">
                getResult
        </td>
        <td class="duration">
            0.647s
        </td>
        <td class="result">
            <!-- Display the dependencies for skipped test methods -->

                <i>Method arguments: </i>
                <span class="arguments">
                    [TestResult name=testIncorrectPassword status=FAILURE method=LoginPageTest.testIncorrectPassword(java.lang.String)[pri:0, instance:in.gic.staticpagestest.LoginPageTest@4052c8c2] output={null}]
                </span>
                <br/>

            <!-- Show logger output for the test -->

                <a href="javascript:toggleElement('exception-0', 'block')"
                   title="Click to expand/collapse">
                    <b>org.openqa.selenium.NoSuchWindowException: no such window: target window already closed<br/>
from unknown error: web view not found<br/>
&nbsp; (Session info: chrome=128.0.6613.119)<br/>
Build info: version: &apos;4.24.0&apos;, revision: &apos;748ffc9bc3&apos;<br/>
System info: os.name: &apos;Windows 11&apos;, os.arch: &apos;amd64&apos;, os.version: &apos;10.0&apos;, java.version: &apos;21.0.4&apos;<br/>
Driver info: org.openqa.selenium.chrome.ChromeDriver<br/>
Command: [3c3edab9afe52914af42d00c39a5eae5, screenshot {}]<br/>
Capabilities {acceptInsecureCerts: false, browserName: chrome, browserVersion: 128.0.6613.119, chrome: {chromedriverVersion: 128.0.6613.119 (6e439cfca4d..., userDataDir: C:\Users\TANIKA~1\AppData\L...}, fedcm:accounts: true, goog:chromeOptions: {debuggerAddress: localhost:55769}, networkConnectionEnabled: false, pageLoadStrategy: normal, platformName: windows, proxy: Proxy(), se:cdp: ws://localhost:55769/devtoo..., se:cdpVersion: 128.0.6613.119, setWindowRect: true, strictFileInteractability: false, timeouts: {implicit: 0, pageLoad: 300000, script: 30000}, unhandledPromptBehavior: dismiss and notify, webauthn:extension:credBlob: true, webauthn:extension:largeBlob: true, webauthn:extension:minPinLength: true, webauthn:extension:prf: true, webauthn:virtualAuthenticators: true}<br/>
Session ID: 3c3edab9afe52914af42d00c39a5eae5</b>
                </a>
                <br/>
                <div class="stackTrace" id="exception-0">
                        java.base/jdk.internal.reflect.DirectConstructorHandleAccessor.newInstance(DirectConstructorHandleAccessor.java:62)<br/>
                        java.base/java.lang.reflect.Constructor.newInstanceWithCaller(Constructor.java:502)<br/>
                        java.base/java.lang.reflect.Constructor.newInstance(Constructor.java:486)<br/>
                        org.openqa.selenium.remote.ErrorCodec.decode(ErrorCodec.java:167)<br/>
                        org.openqa.selenium.remote.codec.w3c.W3CHttpResponseCodec.decode(W3CHttpResponseCodec.java:138)<br/>
                        org.openqa.selenium.remote.codec.w3c.W3CHttpResponseCodec.decode(W3CHttpResponseCodec.java:50)<br/>
                        org.openqa.selenium.remote.HttpCommandExecutor.execute(HttpCommandExecutor.java:190)<br/>
                        org.openqa.selenium.remote.service.DriverCommandExecutor.invokeExecute(DriverCommandExecutor.java:216)<br/>
                        org.openqa.selenium.remote.service.DriverCommandExecutor.execute(DriverCommandExecutor.java:174)<br/>
                        org.openqa.selenium.remote.RemoteWebDriver.execute(RemoteWebDriver.java:518)<br/>
                        org.openqa.selenium.remote.RemoteWebDriver.execute(RemoteWebDriver.java:591)<br/>
                        org.openqa.selenium.remote.RemoteWebDriver.execute(RemoteWebDriver.java:595)<br/>
                        org.openqa.selenium.remote.RemoteWebDriver.getScreenshotAs(RemoteWebDriver.java:321)<br/>
                        in.gic.qa.commontest.BaseTest.captureScreenshot(BaseTest.java:81)<br/>
                        in.gic.qa.commontest.BaseTest.getResult(BaseTest.java:100)<br/>
                        java.base/jdk.internal.reflect.DirectMethodHandleAccessor.invoke(DirectMethodHandleAccessor.java:103)<br/>
                        java.base/java.lang.reflect.Method.invoke(Method.java:580)<br/>
                        org.testng.internal.invokers.MethodInvocationHelper.invokeMethod(MethodInvocationHelper.java:141)<br/>
                        org.testng.internal.invokers.MethodInvocationHelper.invokeMethodConsideringTimeout(MethodInvocationHelper.java:71)<br/>
                        org.testng.internal.invokers.ConfigInvoker.invokeConfigurationMethod(ConfigInvoker.java:400)<br/>
                        org.testng.internal.invokers.ConfigInvoker.invokeConfigurations(ConfigInvoker.java:333)<br/>
                        org.testng.internal.invokers.TestInvoker.runConfigMethods(TestInvoker.java:833)<br/>
                        org.testng.internal.invokers.TestInvoker.runAfterConfigurations(TestInvoker.java:802)<br/>
                        org.testng.internal.invokers.TestInvoker.invokeMethod(TestInvoker.java:778)<br/>
                        org.testng.internal.invokers.TestInvoker.invokeTestMethod(TestInvoker.java:230)<br/>
                        org.testng.internal.invokers.MethodRunner.runInSequence(MethodRunner.java:63)<br/>
                        org.testng.internal.invokers.TestInvoker$MethodInvocationAgent.invoke(TestInvoker.java:992)<br/>
                        org.testng.internal.invokers.TestInvoker.invokeTestMethods(TestInvoker.java:203)<br/>
                        org.testng.internal.invokers.TestMethodWorker.invokeTestMethods(TestMethodWorker.java:154)<br/>
                        org.testng.internal.invokers.TestMethodWorker.run(TestMethodWorker.java:134)<br/>
                        java.base/java.util.concurrent.Executors$RunnableAdapter.call(Executors.java:572)<br/>
                        java.base/java.util.concurrent.FutureTask.run(FutureTask.java:317)<br/>
                        org.testng.internal.thread.graph.TestNGFutureTask.run(TestNGFutureTask.java:22)<br/>
                        java.base/java.util.concurrent.ThreadPoolExecutor.runWorker(ThreadPoolExecutor.java:1144)<br/>
                        java.base/java.util.concurrent.ThreadPoolExecutor$Worker.run(ThreadPoolExecutor.java:642)<br/>
                        java.base/java.lang.Thread.run(Thread.java:1583)<br/>
                </div>
        </td>
    </tr>

            <tr>
                <td colspan="3">&nbsp;</td>
            </tr>
            <tr>
                <td colspan="3"
                    class="header skippedConfig">Skipped Configuration</td>
            </tr>
                <tr class="group">
                    <td colspan="3">in.gic.staticpagestest.LoginPageTest</td>
                </tr>
    <tr>
        <td class="method">
                beforeTestmethod
        </td>
        <td class="duration">
            0.000s
        </td>
        <td class="result">
            <!-- Display the dependencies for skipped test methods -->




            <!-- Show logger output for the test -->

        </td>
    </tr>
    <tr>
        <td class="method">
                beforeTestmethod
        </td>
        <td class="duration">
            0.000s
        </td>
        <td class="result">
            <!-- Display the dependencies for skipped test methods -->




            <!-- Show logger output for the test -->

        </td>
    </tr>
    <tr>
        <td class="method">
                beforeTestmethod
        </td>
        <td class="duration">
            0.000s
        </td>
        <td class="result">
            <!-- Display the dependencies for skipped test methods -->




            <!-- Show logger output for the test -->

        </td>
    </tr>
    <tr>
        <td class="method">
                beforeTestmethod
        </td>
        <td class="duration">
            0.000s
        </td>
        <td class="result">
            <!-- Display the dependencies for skipped test methods -->




            <!-- Show logger output for the test -->

        </td>
    </tr>
    <tr>
        <td class="method">
                closeBrowser
        </td>
        <td class="duration">
            0.000s
        </td>
        <td class="result">
            <!-- Display the dependencies for skipped test methods -->




            <!-- Show logger output for the test -->

        </td>
    </tr>
    <tr>
        <td class="method">
                getResult
        </td>
        <td class="duration">
            0.000s
        </td>
        <td class="result">
            <!-- Display the dependencies for skipped test methods -->




            <!-- Show logger output for the test -->

        </td>
    </tr>
    <tr>
        <td class="method">
                getResult
        </td>
        <td class="duration">
            0.000s
        </td>
        <td class="result">
            <!-- Display the dependencies for skipped test methods -->




            <!-- Show logger output for the test -->

        </td>
    </tr>
    <tr>
        <td class="method">
                getResult
        </td>
        <td class="duration">
            0.000s
        </td>
        <td class="result">
            <!-- Display the dependencies for skipped test methods -->




            <!-- Show logger output for the test -->

        </td>
    </tr>
    <tr>
        <td class="method">
                getResult
        </td>
        <td class="duration">
            0.000s
        </td>
        <td class="result">
            <!-- Display the dependencies for skipped test methods -->




            <!-- Show logger output for the test -->

        </td>
    </tr>
    </table>

    <table class="resultsTable">
        <tr>
            <th colspan="3" class="header failed">Failed Tests</th>
        </tr>
            <tr>
                <td class="group" colspan="3">in.gic.staticpagestest.LoginPageTest</td>
            </tr>
    <tr>
        <td class="method">
                testIncorrectPassword
        </td>
        <td class="duration">
            16.590s
        </td>
        <td class="result">
            <!-- Display the dependencies for skipped test methods -->

                <i>Method arguments: </i>
                <span class="arguments">
                    "tanikaagautam@gmail.com"
                </span>
                <br/>

            <!-- Show logger output for the test -->

                <a href="javascript:toggleElement('exception-9', 'block')"
                   title="Click to expand/collapse">
                    <b>org.openqa.selenium.NoSuchWindowException: no such window: target window already closed<br/>
from unknown error: web view not found<br/>
&nbsp; (Session info: chrome=128.0.6613.119)<br/>
Build info: version: &apos;4.24.0&apos;, revision: &apos;748ffc9bc3&apos;<br/>
System info: os.name: &apos;Windows 11&apos;, os.arch: &apos;amd64&apos;, os.version: &apos;10.0&apos;, java.version: &apos;21.0.4&apos;<br/>
Driver info: org.openqa.selenium.chrome.ChromeDriver<br/>
Command: [3c3edab9afe52914af42d00c39a5eae5, findElement {value=//li[contains(text(),&apos;Please enter a correct username and password.&apos;)], using=xpath}]<br/>
Capabilities {acceptInsecureCerts: false, browserName: chrome, browserVersion: 128.0.6613.119, chrome: {chromedriverVersion: 128.0.6613.119 (6e439cfca4d..., userDataDir: C:\Users\TANIKA~1\AppData\L...}, fedcm:accounts: true, goog:chromeOptions: {debuggerAddress: localhost:55769}, networkConnectionEnabled: false, pageLoadStrategy: normal, platformName: windows, proxy: Proxy(), se:cdp: ws://localhost:55769/devtoo..., se:cdpVersion: 128.0.6613.119, setWindowRect: true, strictFileInteractability: false, timeouts: {implicit: 0, pageLoad: 300000, script: 30000}, unhandledPromptBehavior: dismiss and notify, webauthn:extension:credBlob: true, webauthn:extension:largeBlob: true, webauthn:extension:minPinLength: true, webauthn:extension:prf: true, webauthn:virtualAuthenticators: true}<br/>
Session ID: 3c3edab9afe52914af42d00c39a5eae5</b>
                </a>
                <br/>
                <div class="stackTrace" id="exception-9">
                        java.base/jdk.internal.reflect.DirectConstructorHandleAccessor.newInstance(DirectConstructorHandleAccessor.java:62)<br/>
                        java.base/java.lang.reflect.Constructor.newInstanceWithCaller(Constructor.java:502)<br/>
                        java.base/java.lang.reflect.Constructor.newInstance(Constructor.java:486)<br/>
                        org.openqa.selenium.remote.ErrorCodec.decode(ErrorCodec.java:167)<br/>
                        org.openqa.selenium.remote.codec.w3c.W3CHttpResponseCodec.decode(W3CHttpResponseCodec.java:138)<br/>
                        org.openqa.selenium.remote.codec.w3c.W3CHttpResponseCodec.decode(W3CHttpResponseCodec.java:50)<br/>
                        org.openqa.selenium.remote.HttpCommandExecutor.execute(HttpCommandExecutor.java:190)<br/>
                        org.openqa.selenium.remote.service.DriverCommandExecutor.invokeExecute(DriverCommandExecutor.java:216)<br/>
                        org.openqa.selenium.remote.service.DriverCommandExecutor.execute(DriverCommandExecutor.java:174)<br/>
                        org.openqa.selenium.remote.RemoteWebDriver.execute(RemoteWebDriver.java:518)<br/>
                        org.openqa.selenium.remote.ElementLocation$ElementFinder$2.findElement(ElementLocation.java:165)<br/>
                        org.openqa.selenium.remote.ElementLocation.findElement(ElementLocation.java:59)<br/>
                        org.openqa.selenium.remote.RemoteWebDriver.findElement(RemoteWebDriver.java:355)<br/>
                        org.openqa.selenium.remote.RemoteWebDriver.findElement(RemoteWebDriver.java:349)<br/>
                        org.openqa.selenium.support.pagefactory.DefaultElementLocator.findElement(DefaultElementLocator.java:68)<br/>
                        org.openqa.selenium.support.pagefactory.internal.LocatingElementHandler.invoke(LocatingElementHandler.java:38)<br/>
                        jdk.proxy2/jdk.proxy2.$Proxy19.toString(Unknown Source)<br/>
                        java.base/java.lang.String.valueOf(String.java:4465)<br/>
                        org.openqa.selenium.support.ui.ExpectedConditions$10.toString(ExpectedConditions.java:295)<br/>
                        java.base/java.lang.String.valueOf(String.java:4465)<br/>
                        org.openqa.selenium.support.ui.FluentWait.until(FluentWait.java:225)<br/>
                        in.gic.qa.common.Base.waitUntilVisibilityOf(Base.java:25)<br/>
                        in.gic.staticpages.LoginPage.testEmptyCredentials(LoginPage.java:114)<br/>
                        in.gic.staticpagestest.LoginPageTest.testIncorrectPassword(LoginPageTest.java:97)<br/>
                        java.base/jdk.internal.reflect.DirectMethodHandleAccessor.invoke(DirectMethodHandleAccessor.java:103)<br/>
                        java.base/java.lang.reflect.Method.invoke(Method.java:580)<br/>
                        org.testng.internal.invokers.MethodInvocationHelper.invokeMethod(MethodInvocationHelper.java:141)<br/>
                        org.testng.internal.invokers.TestInvoker.invokeMethod(TestInvoker.java:686)<br/>
                        org.testng.internal.invokers.TestInvoker.invokeTestMethod(TestInvoker.java:230)<br/>
                        org.testng.internal.invokers.MethodRunner.runInSequence(MethodRunner.java:63)<br/>
                        org.testng.internal.invokers.TestInvoker$MethodInvocationAgent.invoke(TestInvoker.java:992)<br/>
                        org.testng.internal.invokers.TestInvoker.invokeTestMethods(TestInvoker.java:203)<br/>
                        org.testng.internal.invokers.TestMethodWorker.invokeTestMethods(TestMethodWorker.java:154)<br/>
                        org.testng.internal.invokers.TestMethodWorker.run(TestMethodWorker.java:134)<br/>
                        java.base/java.util.concurrent.Executors$RunnableAdapter.call(Executors.java:572)<br/>
                        java.base/java.util.concurrent.FutureTask.run(FutureTask.java:317)<br/>
                        org.testng.internal.thread.graph.TestNGFutureTask.run(TestNGFutureTask.java:22)<br/>
                        java.base/java.util.concurrent.ThreadPoolExecutor.runWorker(ThreadPoolExecutor.java:1144)<br/>
                        java.base/java.util.concurrent.ThreadPoolExecutor$Worker.run(ThreadPoolExecutor.java:642)<br/>
                        java.base/java.lang.Thread.run(Thread.java:1583)<br/>
                </div>
        </td>
    </tr>
    </table>

    <table class="resultsTable" width="100%">
        <tr>
            <th colspan="3" class="header skipped">Skipped Tests</th>
        </tr>
            <tr>
                <td class="group" colspan="3">in.gic.staticpagestest.LoginPageTest</td>
            </tr>
    <tr>
        <td class="method">
                testInvalidEmail
        </td>
        <td class="duration">
            0.000s
        </td>
        <td class="result">
            <!-- Display the dependencies for skipped test methods -->



                <i>Method arguments: </i>
                <span class="arguments">
                    "Test123#"
                </span>
                <br/>

            <!-- Show logger output for the test -->

        </td>
    </tr>
    <tr>
        <td class="method">
                testLoginSucessful
        </td>
        <td class="duration">
            0.000s
        </td>
        <td class="result">
            <!-- Display the dependencies for skipped test methods -->



                <i>Method arguments: </i>
                <span class="arguments">
                    "tanikaagautam@gmail.com", "Test123#"
                </span>
                <br/>

            <!-- Show logger output for the test -->

        </td>
    </tr>
    <tr>
        <td class="method">
                testSigninDiscord
        </td>
        <td class="duration">
            0.000s
        </td>
        <td class="result">
            <!-- Display the dependencies for skipped test methods -->




            <!-- Show logger output for the test -->

        </td>
    </tr>
    <tr>
        <td class="method">
                testSignupLink
        </td>
        <td class="duration">
            0.000s
        </td>
        <td class="result">
            <!-- Display the dependencies for skipped test methods -->




            <!-- Show logger output for the test -->

        </td>
    </tr>
    </table>

    <table class="resultsTable" width="100%">
        <tr>
            <th colspan="3" class="header passed">Passed Tests</th>
        </tr>
            <tr>
                <td class="group" colspan="3">in.gic.staticpagestest.LoginPageTest</td>
            </tr>
    <tr>
        <td class="method">
                testEmptyCredentials
        </td>
        <td class="duration">
            1.338s
        </td>
        <td class="result">
            <!-- Display the dependencies for skipped test methods -->


            <!-- Show logger output for the test -->
                <div class="testOutput">
                            ===== TEST EMPTY CREDENTIALS =====<br/>
                </div>

        </td>
    </tr>
    <tr>
        <td class="method">
                testEmptyEmail
        </td>
        <td class="duration">
            1.360s
        </td>
        <td class="result">
            <!-- Display the dependencies for skipped test methods -->

                <i>Method arguments: </i>
                <span class="arguments">
                    "Test123#"
                </span>
                <br/>

            <!-- Show logger output for the test -->
                <div class="testOutput">
                            ===== TEST EMPTY EMAIL =====<br/>
                </div>

        </td>
    </tr>
    <tr>
        <td class="method">
                testEmptyPassword
        </td>
        <td class="duration">
            0.925s
        </td>
        <td class="result">
            <!-- Display the dependencies for skipped test methods -->

                <i>Method arguments: </i>
                <span class="arguments">
                    "tanikaagautam@gmail.com"
                </span>
                <br/>

            <!-- Show logger output for the test -->
                <div class="testOutput">
                            ===== TEST EMPTY PASSWORD =====<br/>
                </div>

        </td>
    </tr>
    <tr>
        <td class="method">
                testForgotPasswordLink
        </td>
        <td class="duration">
            1.069s
        </td>
        <td class="result">
            <!-- Display the dependencies for skipped test methods -->


            <!-- Show logger output for the test -->
                <div class="testOutput">
                            ===== TEST FORGOT PASSWORD LINK =====<br/>
                </div>

        </td>
    </tr>
    <tr>
        <td class="method">
                testIncorrectCredentials
        </td>
        <td class="duration">
            1.041s
        </td>
        <td class="result">
            <!-- Display the dependencies for skipped test methods -->


            <!-- Show logger output for the test -->
                <div class="testOutput">
                            ===== TEST INCORRECT EMAIL &amp; PASSWORD =====<br/>
                </div>

        </td>
    </tr>
    <tr>
        <td class="method">
                testIncorrectEmail
        </td>
        <td class="duration">
            1.160s
        </td>
        <td class="result">
            <!-- Display the dependencies for skipped test methods -->

                <i>Method arguments: </i>
                <span class="arguments">
                    "Test123#"
                </span>
                <br/>

            <!-- Show logger output for the test -->
                <div class="testOutput">
                            ===== TEST INCORRECT EMAIL =====<br/>
                </div>

        </td>
    </tr>
    </table>

<script type="text/javascript" src="reportng.js"></script>
</body>
